<?xml version="1.0" encoding="UTF-8"?>
<!-- Generated by org.testng.reporters.JUnitReportReporter -->
<testsuite hostname="LAPTOP-0A5GBF7I" failures="0" tests="1" name="com.entrata.tests.entrata_selenium_tests.Summit" time="71.312" errors="0" timestamp="2024-09-21T20:41:36 IST" skipped="0">
  <testcase classname="com.entrata.tests.entrata_selenium_tests.Summit" name="scheduleDemoTest" time="71.312"/>
  <system-out/>
</testsuite> <!-- com.entrata.tests.entrata_selenium_tests.Summit -->
