<?xml version="1.0" encoding="UTF-8"?>
<!-- Generated by org.testng.reporters.JUnitReportReporter -->
<testsuite hostname="LAPTOP-0A5GBF7I" failures="0" tests="1" name="com.entrata.tests.entrata_selenium_tests.EntrataTests" time="0.026" errors="0" timestamp="2024-09-21T16:18:47 IST" skipped="0">
  <testcase classname="com.entrata.tests.entrata_selenium_tests.EntrataTests" name="navigateToHomePage" time="0.026"/>
  <system-out/>
</testsuite> <!-- com.entrata.tests.entrata_selenium_tests.EntrataTests -->
