<?xml version="1.0" encoding="UTF-8"?>
<!-- Generated by org.testng.reporters.JUnitReportReporter -->
<testsuite hostname="LAPTOP-0A5GBF7I" failures="0" tests="1" name="com.entrata.tests.entrata_selenium_tests.ValidateLinksFromProductsDropdown" time="65.959" errors="0" timestamp="2024-09-21T20:18:27 IST" skipped="0">
  <testcase classname="com.entrata.tests.entrata_selenium_tests.ValidateLinksFromProductsDropdown" name="validatelink" time="65.959"/>
  <system-out/>
</testsuite> <!-- com.entrata.tests.entrata_selenium_tests.ValidateLinksFromProductsDropdown -->
